[0707/000403.172:ERROR:process_memory_win.cc(73)] ReadMemory at 0x7ff77b0e0000 of 64 bytes failed: Only part of a ReadProcessMemory or WriteProcessMemory request was completed. (0x12B)
[0707/000403.367:WARNING:pe_image_reader.cc(340)] could not read dos header from C:\Program Files (x86)\Google\Chrome\Application\chrome.exe
[0707/000403.368:ERROR:process_memory_win.cc(73)] ReadMemory at 0x7ffeffcf0000 of 64 bytes failed: Only part of a ReadProcessMemory or WriteProcessMemory request was completed. (0x12B)
[0707/000403.368:WARNING:pe_image_reader.cc(340)] could not read dos header from C:\WINDOWS\SYSTEM32\ntdll.dll
[0707/000403.368:ERROR:process_memory_win.cc(73)] ReadMemory at 0x7ffeff060000 of 64 bytes failed: Only part of a ReadProcessMemory or WriteProcessMemory request was completed. (0x12B)
[0707/000403.410:WARNING:pe_image_reader.cc(340)] could not read dos header from C:\WINDOWS\System32\KERNEL32.DLL
[0707/000403.410:ERROR:process_memory_win.cc(73)] ReadMemory at 0x7ffefc780000 of 64 bytes failed: Only part of a ReadProcessMemory or WriteProcessMemory request was completed. (0x12B)
[0707/000403.410:WARNING:pe_image_reader.cc(340)] could not read dos header from C:\WINDOWS\System32\KERNELBASE.dll
[0707/000403.410:ERROR:process_memory_win.cc(73)] ReadMemory at 0x7ffecda40000 of 64 bytes failed: Only part of a ReadProcessMemory or WriteProcessMemory request was completed. (0x12B)
[0707/000403.410:WARNING:pe_image_reader.cc(340)] could not read dos header from C:\Program Files (x86)\Google\Chrome\Application\83.0.4103.116\chrome_elf.dll
[0707/000403.410:ERROR:process_memory_win.cc(73)] ReadMemory at 0x7ffef5d40000 of 64 bytes failed: Only part of a ReadProcessMemory or WriteProcessMemory request was completed. (0x12B)
[0707/000403.410:WARNING:pe_image_reader.cc(340)] could not read dos header from C:\WINDOWS\SYSTEM32\VERSION.dll
[0707/000403.410:ERROR:process_memory_win.cc(73)] ReadMemory at 0x7ffeff400000 of 64 bytes failed: Only part of a ReadProcessMemory or WriteProcessMemory request was completed. (0x12B)
[0707/000403.410:WARNING:pe_image_reader.cc(340)] could not read dos header from C:\WINDOWS\System32\msvcrt.dll
[0707/000403.410:ERROR:process_memory_win.cc(73)] ReadMemory at 0x7ffefc6a0000 of 64 bytes failed: Only part of a ReadProcessMemory or WriteProcessMemory request was completed. (0x12B)
[0707/000403.410:WARNING:pe_image_reader.cc(340)] could not read dos header from C:\WINDOWS\System32\bcryptPrimitives.dll
[0707/000403.410:ERROR:process_memory_win.cc(73)] ReadMemory at 0x7ffefcf70000 of 64 bytes failed: Only part of a ReadProcessMemory or WriteProcessMemory request was completed. (0x12B)
[0707/000403.410:WARNING:pe_image_reader.cc(340)] could not read dos header from C:\WINDOWS\System32\ADVAPI32.dll
[0707/000403.411:ERROR:process_memory_win.cc(73)] ReadMemory at 0x7ffefd480000 of 64 bytes failed: Only part of a ReadProcessMemory or WriteProcessMemory request was completed. (0x12B)
[0707/000403.411:WARNING:pe_image_reader.cc(340)] could not read dos header from C:\WINDOWS\System32\sechost.dll
[0707/000403.411:ERROR:process_memory_win.cc(73)] ReadMemory at 0x7ffeff700000 of 64 bytes failed: Only part of a ReadProcessMemory or WriteProcessMemory request was completed. (0x12B)
[0707/000403.411:WARNING:pe_image_reader.cc(340)] could not read dos header from C:\WINDOWS\System32\RPCRT4.dll
[0707/000403.411:ERROR:process_memory_win.cc(73)] ReadMemory at 0x7ffe91aa0000 of 64 bytes failed: Only part of a ReadProcessMemory or WriteProcessMemory request was completed. (0x12B)
[0707/000403.411:WARNING:pe_image_reader.cc(340)] could not read dos header from C:\Program Files (x86)\Google\Chrome\Application\83.0.4103.116\chrome.dll
[0707/000403.411:ERROR:process_memory_win.cc(73)] ReadMemory at 0x7ffeff130000 of 64 bytes failed: Only part of a ReadProcessMemory or WriteProcessMemory request was completed. (0x12B)
[0707/000403.411:WARNING:pe_image_reader.cc(340)] could not read dos header from C:\WINDOWS\System32\WS2_32.dll
[0707/000403.411:ERROR:process_memory_win.cc(73)] ReadMemory at 0x7ffefd520000 of 64 bytes failed: Only part of a ReadProcessMemory or WriteProcessMemory request was completed. (0x12B)
[0707/000403.411:WARNING:pe_image_reader.cc(340)] could not read dos header from C:\WINDOWS\System32\OLEAUT32.dll
[0707/000403.411:ERROR:process_memory_win.cc(73)] ReadMemory at 0x7ffefcc10000 of 64 bytes failed: Only part of a ReadProcessMemory or WriteProcessMemory request was completed. (0x12B)
[0707/000403.411:WARNING:pe_image_reader.cc(340)] could not read dos header from C:\WINDOWS\System32\msvcp_win.dll
[0707/000403.411:ERROR:process_memory_win.cc(73)] ReadMemory at 0x7ffefbe30000 of 64 bytes failed: Only part of a ReadProcessMemory or WriteProcessMemory request was completed. (0x12B)
[0707/000403.411:WARNING:pe_image_reader.cc(340)] could not read dos header from C:\WINDOWS\System32\ucrtbase.dll
[0707/000403.412:ERROR:process_memory_win.cc(73)] ReadMemory at 0x7ffeff8e0000 of 64 bytes failed: Only part of a ReadProcessMemory or WriteProcessMemory request was completed. (0x12B)
[0707/000403.412:WARNING:pe_image_reader.cc(340)] could not read dos header from C:\WINDOWS\System32\combase.dll
[0707/000403.412:ERROR:process_memory_win.cc(73)] ReadMemory at 0x7ffefc720000 of 64 bytes failed: Only part of a ReadProcessMemory or WriteProcessMemory request was completed. (0x12B)
[0707/000403.412:WARNING:pe_image_reader.cc(340)] could not read dos header from C:\WINDOWS\System32\WINTRUST.dll
[0707/000403.412:ERROR:process_memory_win.cc(73)] ReadMemory at 0x7ffefbd60000 of 64 bytes failed: Only part of a ReadProcessMemory or WriteProcessMemory request was completed. (0x12B)
[0707/000403.412:WARNING:pe_image_reader.cc(340)] could not read dos header from C:\WINDOWS\System32\MSASN1.dll
[0707/000403.412:ERROR:process_memory_win.cc(73)] ReadMemory at 0x7ffefcd90000 of 64 bytes failed: Only part of a ReadProcessMemory or WriteProcessMemory request was completed. (0x12B)
[0707/000403.412:WARNING:pe_image_reader.cc(340)] could not read dos header from C:\WINDOWS\System32\CRYPT32.dll
[0707/000403.412:ERROR:process_memory_win.cc(73)] ReadMemory at 0x7ffefb270000 of 64 bytes failed: Only part of a ReadProcessMemory or WriteProcessMemory request was completed. (0x12B)
[0707/000403.412:WARNING:pe_image_reader.cc(340)] could not read dos header from C:\WINDOWS\SYSTEM32\IPHLPAPI.DLL
[0707/000403.412:ERROR:process_memory_win.cc(73)] ReadMemory at 0x7ffefa140000 of 64 bytes failed: Only part of a ReadProcessMemory or WriteProcessMemory request was completed. (0x12B)
[0707/000403.412:WARNING:pe_image_reader.cc(340)] could not read dos header from C:\WINDOWS\SYSTEM32\WINMM.dll
[0707/000403.412:ERROR:process_memory_win.cc(73)] ReadMemory at 0x7ffee9530000 of 64 bytes failed: Only part of a ReadProcessMemory or WriteProcessMemory request was completed. (0x12B)
[0707/000403.412:WARNING:pe_image_reader.cc(340)] could not read dos header from C:\WINDOWS\SYSTEM32\Secur32.dll
[0707/000403.412:ERROR:process_memory_win.cc(73)] ReadMemory at 0x7ffefbc40000 of 64 bytes failed: Only part of a ReadProcessMemory or WriteProcessMemory request was completed. (0x12B)
[0707/000403.412:WARNING:pe_image_reader.cc(340)] could not read dos header from C:\WINDOWS\SYSTEM32\USERENV.dll
[0707/000403.412:ERROR:process_memory_win.cc(73)] ReadMemory at 0x7ffefbde0000 of 64 bytes failed: Only part of a ReadProcessMemory or WriteProcessMemory request was completed. (0x12B)
[0707/000403.412:WARNING:pe_image_reader.cc(340)] could not read dos header from C:\WINDOWS\System32\profapi.dll
[0707/000403.412:ERROR:process_memory_win.cc(73)] ReadMemory at 0x7ffed9d80000 of 64 bytes failed: Only part of a ReadProcessMemory or WriteProcessMemory request was completed. (0x12B)
[0707/000403.412:WARNING:pe_image_reader.cc(340)] could not read dos header from C:\WINDOWS\SYSTEM32\UIAutomationCore.DLL
[0707/000403.413:ERROR:process_memory_win.cc(73)] ReadMemory at 0x7ffedf600000 of 64 bytes failed: Only part of a ReadProcessMemory or WriteProcessMemory request was completed. (0x12B)
[0707/000403.413:WARNING:pe_image_reader.cc(340)] could not read dos header from C:\WINDOWS\SYSTEM32\DWrite.dll
[0707/000403.413:ERROR:process_memory_win.cc(73)] ReadMemory at 0x7ffeef3e0000 of 64 bytes failed: Only part of a ReadProcessMemory or WriteProcessMemory request was completed. (0x12B)
[0707/000403.413:WARNING:pe_image_reader.cc(340)] could not read dos header from C:\WINDOWS\SYSTEM32\WINSPOOL.DRV
[0707/000403.413:ERROR:process_memory_win.cc(73)] ReadMemory at 0x7ffefbd40000 of 64 bytes failed: Only part of a ReadProcessMemory or WriteProcessMemory request was completed. (0x12B)
[0707/000403.413:WARNING:pe_image_reader.cc(340)] could not read dos header from C:\WINDOWS\System32\kernel.appcore.dll
[0707/000403.413:ERROR:process_memory_win.cc(73)] ReadMemory at 0x7ffefccb0000 of 64 bytes failed: Only part of a ReadProcessMemory or WriteProcessMemory request was completed. (0x12B)
[0707/000403.413:WARNING:pe_image_reader.cc(340)] could not read dos header from C:\WINDOWS\System32\bcrypt.dll
[0707/000403.413:ERROR:process_memory_win.cc(73)] ReadMemory at 0x7ffeec790000 of 64 bytes failed: Only part of a ReadProcessMemory or WriteProcessMemory request was completed. (0x12B)
[0707/000403.413:WARNING:pe_image_reader.cc(340)] could not read dos header from C:\WINDOWS\SYSTEM32\dbghelp.dll
[0707/000403.413:ERROR:process_memory_win.cc(73)] ReadMemory at 0x7ffeefc90000 of 64 bytes failed: Only part of a ReadProcessMemory or WriteProcessMemory request was completed. (0x12B)
[0707/000403.413:WARNING:pe_image_reader.cc(340)] could not read dos header from C:\WINDOWS\SYSTEM32\WINHTTP.dll
[0707/000403.413:ERROR:process_memory_win.cc(73)] ReadMemory at 0x7ffef7240000 of 64 bytes failed: Only part of a ReadProcessMemory or WriteProcessMemory request was completed. (0x12B)
[0707/000403.413:WARNING:pe_image_reader.cc(340)] could not read dos header from C:\WINDOWS\SYSTEM32\dhcpcsvc.DLL
[0707/000403.413:ERROR:process_memory_win.cc(73)] ReadMemory at 0x7ffeff4a0000 of 64 bytes failed: Only part of a ReadProcessMemory or WriteProcessMemory request was completed. (0x12B)
[0707/000403.413:WARNING:pe_image_reader.cc(340)] could not read dos header from C:\WINDOWS\System32\NSI.dll
[0707/000403.413:ERROR:process_memory_win.cc(73)] ReadMemory at 0x7ffefa110000 of 64 bytes failed: Only part of a ReadProcessMemory or WriteProcessMemory request was completed. (0x12B)
[0707/000403.413:WARNING:pe_image_reader.cc(340)] could not read dos header from C:\WINDOWS\SYSTEM32\WINMMBASE.dll
[0707/000403.413:ERROR:process_memory_win.cc(73)] ReadMemory at 0x7ffefcbc0000 of 64 bytes failed: Only part of a ReadProcessMemory or WriteProcessMemory request was completed. (0x12B)
[0707/000403.413:WARNING:pe_image_reader.cc(340)] could not read dos header from C:\WINDOWS\System32\cfgmgr32.dll
[0707/000403.413:ERROR:process_memory_win.cc(73)] ReadMemory at 0x7ffef5d60000 of 64 bytes failed: Only part of a ReadProcessMemory or WriteProcessMemory request was completed. (0x12B)
[0707/000403.413:WARNING:pe_image_reader.cc(340)] could not read dos header from C:\WINDOWS\SYSTEM32\Bcp47Langs.dll
[0707/000403.413:ERROR:process_memory_win.cc(73)] ReadMemory at 0x7ffef8760000 of 64 bytes failed: Only part of a ReadProcessMemory or WriteProcessMemory request was completed. (0x12B)
[0707/000403.413:WARNING:pe_image_reader.cc(340)] could not read dos header from C:\WINDOWS\SYSTEM32\PROPSYS.dll
[0707/000403.413:ERROR:process_memory_win.cc(73)] ReadMemory at 0x7ffeff830000 of 64 bytes failed: Only part of a ReadProcessMemory or WriteProcessMemory request was completed. (0x12B)
[0707/000403.413:WARNING:pe_image_reader.cc(340)] could not read dos header from C:\WINDOWS\System32\shcore.dll
[0707/000403.413:ERROR:process_memory_win.cc(73)] ReadMemory at 0x7ffefbc70000 of 64 bytes failed: Only part of a ReadProcessMemory or WriteProcessMemory request was completed. (0x12B)
[0707/000403.414:WARNING:pe_image_reader.cc(340)] could not read dos header from C:\WINDOWS\SYSTEM32\SSPICLI.DLL
[0707/000403.414:ERROR:process_memory_win.cc(73)] ReadMemory at 0x7ffefb720000 of 64 bytes failed: Only part of a ReadProcessMemory or WriteProcessMemory request was completed. (0x12B)
[0707/000403.414:WARNING:pe_image_reader.cc(340)] could not read dos header from C:\WINDOWS\SYSTEM32\CRYPTBASE.DLL
[0707/000403.509:ERROR:process_memory_win.cc(73)] ReadMemory at 0x7ff77b0e0000 of 64 bytes failed: Only part of a ReadProcessMemory or WriteProcessMemory request was completed. (0x12B)
[0707/000403.509:WARNING:pe_image_reader.cc(340)] could not read dos header from C:\Program Files (x86)\Google\Chrome\Application\chrome.exe
[0707/000403.509:ERROR:process_memory_win.cc(73)] ReadMemory at 0x7ffeffcf0000 of 64 bytes failed: Only part of a ReadProcessMemory or WriteProcessMemory request was completed. (0x12B)
[0707/000403.509:WARNING:pe_image_reader.cc(340)] could not read dos header from C:\WINDOWS\SYSTEM32\ntdll.dll
[0707/000403.509:ERROR:process_memory_win.cc(73)] ReadMemory at 0x7ffeff060000 of 64 bytes failed: Only part of a ReadProcessMemory or WriteProcessMemory request was completed. (0x12B)
[0707/000403.509:WARNING:pe_image_reader.cc(340)] could not read dos header from C:\WINDOWS\System32\KERNEL32.DLL
[0707/000403.509:ERROR:process_memory_win.cc(73)] ReadMemory at 0x7ffefc780000 of 64 bytes failed: Only part of a ReadProcessMemory or WriteProcessMemory request was completed. (0x12B)
[0707/000403.509:WARNING:pe_image_reader.cc(340)] could not read dos header from C:\WINDOWS\System32\KERNELBASE.dll
[0707/000403.509:ERROR:process_memory_win.cc(73)] ReadMemory at 0x7ffecda40000 of 64 bytes failed: Only part of a ReadProcessMemory or WriteProcessMemory request was completed. (0x12B)
[0707/000403.509:WARNING:pe_image_reader.cc(340)] could not read dos header from C:\Program Files (x86)\Google\Chrome\Application\83.0.4103.116\chrome_elf.dll
[0707/000403.509:ERROR:process_memory_win.cc(73)] ReadMemory at 0x7ffef5d40000 of 64 bytes failed: Only part of a ReadProcessMemory or WriteProcessMemory request was completed. (0x12B)
[0707/000403.509:WARNING:pe_image_reader.cc(340)] could not read dos header from C:\WINDOWS\SYSTEM32\VERSION.dll
[0707/000403.509:ERROR:process_memory_win.cc(73)] ReadMemory at 0x7ffeff400000 of 64 bytes failed: Only part of a ReadProcessMemory or WriteProcessMemory request was completed. (0x12B)
[0707/000403.509:WARNING:pe_image_reader.cc(340)] could not read dos header from C:\WINDOWS\System32\msvcrt.dll
[0707/000403.509:ERROR:process_memory_win.cc(73)] ReadMemory at 0x7ffefc6a0000 of 64 bytes failed: Only part of a ReadProcessMemory or WriteProcessMemory request was completed. (0x12B)
[0707/000403.510:WARNING:pe_image_reader.cc(340)] could not read dos header from C:\WINDOWS\System32\bcryptPrimitives.dll
[0707/000403.510:ERROR:process_memory_win.cc(73)] ReadMemory at 0x7ffefcf70000 of 64 bytes failed: Only part of a ReadProcessMemory or WriteProcessMemory request was completed. (0x12B)
[0707/000403.510:WARNING:pe_image_reader.cc(340)] could not read dos header from C:\WINDOWS\System32\ADVAPI32.dll
[0707/000403.510:ERROR:process_memory_win.cc(73)] ReadMemory at 0x7ffefd480000 of 64 bytes failed: Only part of a ReadProcessMemory or WriteProcessMemory request was completed. (0x12B)
[0707/000403.510:WARNING:pe_image_reader.cc(340)] could not read dos header from C:\WINDOWS\System32\sechost.dll
[0707/000403.510:ERROR:process_memory_win.cc(73)] ReadMemory at 0x7ffeff700000 of 64 bytes failed: Only part of a ReadProcessMemory or WriteProcessMemory request was completed. (0x12B)
[0707/000403.510:WARNING:pe_image_reader.cc(340)] could not read dos header from C:\WINDOWS\System32\RPCRT4.dll
[0707/000403.510:ERROR:process_memory_win.cc(73)] ReadMemory at 0x7ffe91aa0000 of 64 bytes failed: Only part of a ReadProcessMemory or WriteProcessMemory request was completed. (0x12B)
[0707/000403.510:WARNING:pe_image_reader.cc(340)] could not read dos header from C:\Program Files (x86)\Google\Chrome\Application\83.0.4103.116\chrome.dll
[0707/000403.510:ERROR:process_memory_win.cc(73)] ReadMemory at 0x7ffeff130000 of 64 bytes failed: Only part of a ReadProcessMemory or WriteProcessMemory request was completed. (0x12B)
[0707/000403.510:WARNING:pe_image_reader.cc(340)] could not read dos header from C:\WINDOWS\System32\WS2_32.dll
[0707/000403.510:ERROR:process_memory_win.cc(73)] ReadMemory at 0x7ffefd520000 of 64 bytes failed: Only part of a ReadProcessMemory or WriteProcessMemory request was completed. (0x12B)
[0707/000403.510:WARNING:pe_image_reader.cc(340)] could not read dos header from C:\WINDOWS\System32\OLEAUT32.dll
[0707/000403.510:ERROR:process_memory_win.cc(73)] ReadMemory at 0x7ffefcc10000 of 64 bytes failed: Only part of a ReadProcessMemory or WriteProcessMemory request was completed. (0x12B)
[0707/000403.510:WARNING:pe_image_reader.cc(340)] could not read dos header from C:\WINDOWS\System32\msvcp_win.dll
[0707/000403.510:ERROR:process_memory_win.cc(73)] ReadMemory at 0x7ffefbe30000 of 64 bytes failed: Only part of a ReadProcessMemory or WriteProcessMemory request was completed. (0x12B)
[0707/000403.510:WARNING:pe_image_reader.cc(340)] could not read dos header from C:\WINDOWS\System32\ucrtbase.dll
[0707/000403.510:ERROR:process_memory_win.cc(73)] ReadMemory at 0x7ffeff8e0000 of 64 bytes failed: Only part of a ReadProcessMemory or WriteProcessMemory request was completed. (0x12B)
[0707/000403.510:WARNING:pe_image_reader.cc(340)] could not read dos header from C:\WINDOWS\System32\combase.dll
[0707/000403.510:ERROR:process_memory_win.cc(73)] ReadMemory at 0x7ffefc720000 of 64 bytes failed: Only part of a ReadProcessMemory or WriteProcessMemory request was completed. (0x12B)
[0707/000403.510:WARNING:pe_image_reader.cc(340)] could not read dos header from C:\WINDOWS\System32\WINTRUST.dll
[0707/000403.510:ERROR:process_memory_win.cc(73)] ReadMemory at 0x7ffefbd60000 of 64 bytes failed: Only part of a ReadProcessMemory or WriteProcessMemory request was completed. (0x12B)
[0707/000403.510:WARNING:pe_image_reader.cc(340)] could not read dos header from C:\WINDOWS\System32\MSASN1.dll
[0707/000403.510:ERROR:process_memory_win.cc(73)] ReadMemory at 0x7ffefcd90000 of 64 bytes failed: Only part of a ReadProcessMemory or WriteProcessMemory request was completed. (0x12B)
[0707/000403.510:WARNING:pe_image_reader.cc(340)] could not read dos header from C:\WINDOWS\System32\CRYPT32.dll
[0707/000403.511:ERROR:process_memory_win.cc(73)] ReadMemory at 0x7ffefb270000 of 64 bytes failed: Only part of a ReadProcessMemory or WriteProcessMemory request was completed. (0x12B)
[0707/000403.511:WARNING:pe_image_reader.cc(340)] could not read dos header from C:\WINDOWS\SYSTEM32\IPHLPAPI.DLL
[0707/000403.511:ERROR:process_memory_win.cc(73)] ReadMemory at 0x7ffefa140000 of 64 bytes failed: Only part of a ReadProcessMemory or WriteProcessMemory request was completed. (0x12B)
[0707/000403.511:WARNING:pe_image_reader.cc(340)] could not read dos header from C:\WINDOWS\SYSTEM32\WINMM.dll
[0707/000403.511:ERROR:process_memory_win.cc(73)] ReadMemory at 0x7ffee9530000 of 64 bytes failed: Only part of a ReadProcessMemory or WriteProcessMemory request was completed. (0x12B)
[0707/000403.511:WARNING:pe_image_reader.cc(340)] could not read dos header from C:\WINDOWS\SYSTEM32\Secur32.dll
[0707/000403.511:ERROR:process_memory_win.cc(73)] ReadMemory at 0x7ffefbc40000 of 64 bytes failed: Only part of a ReadProcessMemory or WriteProcessMemory request was completed. (0x12B)
[0707/000403.511:WARNING:pe_image_reader.cc(340)] could not read dos header from C:\WINDOWS\SYSTEM32\USERENV.dll
[0707/000403.511:ERROR:process_memory_win.cc(73)] ReadMemory at 0x7ffefbde0000 of 64 bytes failed: Only part of a ReadProcessMemory or WriteProcessMemory request was completed. (0x12B)
[0707/000403.511:WARNING:pe_image_reader.cc(340)] could not read dos header from C:\WINDOWS\System32\profapi.dll
[0707/000403.511:ERROR:process_memory_win.cc(73)] ReadMemory at 0x7ffed9d80000 of 64 bytes failed: Only part of a ReadProcessMemory or WriteProcessMemory request was completed. (0x12B)
[0707/000403.511:WARNING:pe_image_reader.cc(340)] could not read dos header from C:\WINDOWS\SYSTEM32\UIAutomationCore.DLL
[0707/000403.511:ERROR:process_memory_win.cc(73)] ReadMemory at 0x7ffedf600000 of 64 bytes failed: Only part of a ReadProcessMemory or WriteProcessMemory request was completed. (0x12B)
[0707/000403.511:WARNING:pe_image_reader.cc(340)] could not read dos header from C:\WINDOWS\SYSTEM32\DWrite.dll
[0707/000403.511:ERROR:process_memory_win.cc(73)] ReadMemory at 0x7ffeef3e0000 of 64 bytes failed: Only part of a ReadProcessMemory or WriteProcessMemory request was completed. (0x12B)
[0707/000403.511:WARNING:pe_image_reader.cc(340)] could not read dos header from C:\WINDOWS\SYSTEM32\WINSPOOL.DRV
[0707/000403.512:ERROR:process_memory_win.cc(73)] ReadMemory at 0x7ffefbd40000 of 64 bytes failed: Only part of a ReadProcessMemory or WriteProcessMemory request was completed. (0x12B)
[0707/000403.512:WARNING:pe_image_reader.cc(340)] could not read dos header from C:\WINDOWS\System32\kernel.appcore.dll
[0707/000403.512:ERROR:process_memory_win.cc(73)] ReadMemory at 0x7ffefccb0000 of 64 bytes failed: Only part of a ReadProcessMemory or WriteProcessMemory request was completed. (0x12B)
[0707/000403.512:WARNING:pe_image_reader.cc(340)] could not read dos header from C:\WINDOWS\System32\bcrypt.dll
[0707/000403.512:ERROR:process_memory_win.cc(73)] ReadMemory at 0x7ffeec790000 of 64 bytes failed: Only part of a ReadProcessMemory or WriteProcessMemory request was completed. (0x12B)
[0707/000403.512:WARNING:pe_image_reader.cc(340)] could not read dos header from C:\WINDOWS\SYSTEM32\dbghelp.dll
[0707/000403.512:ERROR:process_memory_win.cc(73)] ReadMemory at 0x7ffeefc90000 of 64 bytes failed: Only part of a ReadProcessMemory or WriteProcessMemory request was completed. (0x12B)
[0707/000403.512:WARNING:pe_image_reader.cc(340)] could not read dos header from C:\WINDOWS\SYSTEM32\WINHTTP.dll
[0707/000403.512:ERROR:process_memory_win.cc(73)] ReadMemory at 0x7ffef7240000 of 64 bytes failed: Only part of a ReadProcessMemory or WriteProcessMemory request was completed. (0x12B)
[0707/000403.512:WARNING:pe_image_reader.cc(340)] could not read dos header from C:\WINDOWS\SYSTEM32\dhcpcsvc.DLL
[0707/000403.512:ERROR:process_memory_win.cc(73)] ReadMemory at 0x7ffeff4a0000 of 64 bytes failed: Only part of a ReadProcessMemory or WriteProcessMemory request was completed. (0x12B)
[0707/000403.512:WARNING:pe_image_reader.cc(340)] could not read dos header from C:\WINDOWS\System32\NSI.dll
[0707/000403.512:ERROR:process_memory_win.cc(73)] ReadMemory at 0x7ffefa110000 of 64 bytes failed: Only part of a ReadProcessMemory or WriteProcessMemory request was completed. (0x12B)
[0707/000403.512:WARNING:pe_image_reader.cc(340)] could not read dos header from C:\WINDOWS\SYSTEM32\WINMMBASE.dll
[0707/000403.512:ERROR:process_memory_win.cc(73)] ReadMemory at 0x7ffefcbc0000 of 64 bytes failed: Only part of a ReadProcessMemory or WriteProcessMemory request was completed. (0x12B)
[0707/000403.512:WARNING:pe_image_reader.cc(340)] could not read dos header from C:\WINDOWS\System32\cfgmgr32.dll
[0707/000403.512:ERROR:process_memory_win.cc(73)] ReadMemory at 0x7ffef5d60000 of 64 bytes failed: Only part of a ReadProcessMemory or WriteProcessMemory request was completed. (0x12B)
[0707/000403.512:WARNING:pe_image_reader.cc(340)] could not read dos header from C:\WINDOWS\SYSTEM32\Bcp47Langs.dll
[0707/000403.512:ERROR:process_memory_win.cc(73)] ReadMemory at 0x7ffef8760000 of 64 bytes failed: Only part of a ReadProcessMemory or WriteProcessMemory request was completed. (0x12B)
[0707/000403.512:WARNING:pe_image_reader.cc(340)] could not read dos header from C:\WINDOWS\SYSTEM32\PROPSYS.dll
[0707/000403.512:ERROR:process_memory_win.cc(73)] ReadMemory at 0x7ffeff830000 of 64 bytes failed: Only part of a ReadProcessMemory or WriteProcessMemory request was completed. (0x12B)
[0707/000403.512:WARNING:pe_image_reader.cc(340)] could not read dos header from C:\WINDOWS\System32\shcore.dll
[0707/000403.513:ERROR:process_memory_win.cc(73)] ReadMemory at 0x7ffefbc70000 of 64 bytes failed: Only part of a ReadProcessMemory or WriteProcessMemory request was completed. (0x12B)
[0707/000403.513:WARNING:pe_image_reader.cc(340)] could not read dos header from C:\WINDOWS\SYSTEM32\SSPICLI.DLL
[0707/000403.513:ERROR:process_memory_win.cc(73)] ReadMemory at 0x7ffefb720000 of 64 bytes failed: Only part of a ReadProcessMemory or WriteProcessMemory request was completed. (0x12B)
[0707/000403.513:WARNING:pe_image_reader.cc(340)] could not read dos header from C:\WINDOWS\SYSTEM32\CRYPTBASE.DLL
[0707/000403.513:ERROR:process_memory_win.cc(73)] ReadMemory at 0x7ff77b0e0000 of 64 bytes failed: Only part of a ReadProcessMemory or WriteProcessMemory request was completed. (0x12B)
[0707/000403.513:WARNING:pe_image_reader.cc(340)] could not read dos header from C:\Program Files (x86)\Google\Chrome\Application\chrome.exe
[0707/000403.513:ERROR:process_memory_win.cc(73)] ReadMemory at 0x7ffeffcf0000 of 64 bytes failed: Only part of a ReadProcessMemory or WriteProcessMemory request was completed. (0x12B)
[0707/000403.513:WARNING:pe_image_reader.cc(340)] could not read dos header from C:\WINDOWS\SYSTEM32\ntdll.dll
[0707/000403.513:ERROR:process_memory_win.cc(73)] ReadMemory at 0x7ffeff060000 of 64 bytes failed: Only part of a ReadProcessMemory or WriteProcessMemory request was completed. (0x12B)
[0707/000403.513:WARNING:pe_image_reader.cc(340)] could not read dos header from C:\WINDOWS\System32\KERNEL32.DLL
[0707/000403.513:ERROR:process_memory_win.cc(73)] ReadMemory at 0x7ffefc780000 of 64 bytes failed: Only part of a ReadProcessMemory or WriteProcessMemory request was completed. (0x12B)
[0707/000403.513:WARNING:pe_image_reader.cc(340)] could not read dos header from C:\WINDOWS\System32\KERNELBASE.dll
[0707/000403.513:ERROR:process_memory_win.cc(73)] ReadMemory at 0x7ffecda40000 of 64 bytes failed: Only part of a ReadProcessMemory or WriteProcessMemory request was completed. (0x12B)
[0707/000403.513:WARNING:pe_image_reader.cc(340)] could not read dos header from C:\Program Files (x86)\Google\Chrome\Application\83.0.4103.116\chrome_elf.dll
[0707/000403.513:ERROR:process_memory_win.cc(73)] ReadMemory at 0x7ffef5d40000 of 64 bytes failed: Only part of a ReadProcessMemory or WriteProcessMemory request was completed. (0x12B)
[0707/000403.513:WARNING:pe_image_reader.cc(340)] could not read dos header from C:\WINDOWS\SYSTEM32\VERSION.dll
[0707/000403.513:ERROR:process_memory_win.cc(73)] ReadMemory at 0x7ffeff400000 of 64 bytes failed: Only part of a ReadProcessMemory or WriteProcessMemory request was completed. (0x12B)
[0707/000403.513:WARNING:pe_image_reader.cc(340)] could not read dos header from C:\WINDOWS\System32\msvcrt.dll
[0707/000403.513:ERROR:process_memory_win.cc(73)] ReadMemory at 0x7ffefc6a0000 of 64 bytes failed: Only part of a ReadProcessMemory or WriteProcessMemory request was completed. (0x12B)
[0707/000403.513:WARNING:pe_image_reader.cc(340)] could not read dos header from C:\WINDOWS\System32\bcryptPrimitives.dll
[0707/000403.513:ERROR:process_memory_win.cc(73)] ReadMemory at 0x7ffefcf70000 of 64 bytes failed: Only part of a ReadProcessMemory or WriteProcessMemory request was completed. (0x12B)
[0707/000403.513:WARNING:pe_image_reader.cc(340)] could not read dos header from C:\WINDOWS\System32\ADVAPI32.dll
[0707/000403.513:ERROR:process_memory_win.cc(73)] ReadMemory at 0x7ffefd480000 of 64 bytes failed: Only part of a ReadProcessMemory or WriteProcessMemory request was completed. (0x12B)
[0707/000403.513:WARNING:pe_image_reader.cc(340)] could not read dos header from C:\WINDOWS\System32\sechost.dll
[0707/000403.513:ERROR:process_memory_win.cc(73)] ReadMemory at 0x7ffeff700000 of 64 bytes failed: Only part of a ReadProcessMemory or WriteProcessMemory request was completed. (0x12B)
[0707/000403.514:WARNING:pe_image_reader.cc(340)] could not read dos header from C:\WINDOWS\System32\RPCRT4.dll
[0707/000403.514:ERROR:process_memory_win.cc(73)] ReadMemory at 0x7ffe91aa0000 of 64 bytes failed: Only part of a ReadProcessMemory or WriteProcessMemory request was completed. (0x12B)
[0707/000403.514:WARNING:pe_image_reader.cc(340)] could not read dos header from C:\Program Files (x86)\Google\Chrome\Application\83.0.4103.116\chrome.dll
[0707/000403.514:ERROR:process_memory_win.cc(73)] ReadMemory at 0x7ffeff130000 of 64 bytes failed: Only part of a ReadProcessMemory or WriteProcessMemory request was completed. (0x12B)
[0707/000403.514:WARNING:pe_image_reader.cc(340)] could not read dos header from C:\WINDOWS\System32\WS2_32.dll
[0707/000403.514:ERROR:process_memory_win.cc(73)] ReadMemory at 0x7ffefd520000 of 64 bytes failed: Only part of a ReadProcessMemory or WriteProcessMemory request was completed. (0x12B)
[0707/000403.514:WARNING:pe_image_reader.cc(340)] could not read dos header from C:\WINDOWS\System32\OLEAUT32.dll
[0707/000403.514:ERROR:process_memory_win.cc(73)] ReadMemory at 0x7ffefcc10000 of 64 bytes failed: Only part of a ReadProcessMemory or WriteProcessMemory request was completed. (0x12B)
[0707/000403.514:WARNING:pe_image_reader.cc(340)] could not read dos header from C:\WINDOWS\System32\msvcp_win.dll
[0707/000403.514:ERROR:process_memory_win.cc(73)] ReadMemory at 0x7ffefbe30000 of 64 bytes failed: Only part of a ReadProcessMemory or WriteProcessMemory request was completed. (0x12B)
[0707/000403.514:WARNING:pe_image_reader.cc(340)] could not read dos header from C:\WINDOWS\System32\ucrtbase.dll
[0707/000403.514:ERROR:process_memory_win.cc(73)] ReadMemory at 0x7ffeff8e0000 of 64 bytes failed: Only part of a ReadProcessMemory or WriteProcessMemory request was completed. (0x12B)
[0707/000403.514:WARNING:pe_image_reader.cc(340)] could not read dos header from C:\WINDOWS\System32\combase.dll
[0707/000403.514:ERROR:process_memory_win.cc(73)] ReadMemory at 0x7ffefc720000 of 64 bytes failed: Only part of a ReadProcessMemory or WriteProcessMemory request was completed. (0x12B)
[0707/000403.514:WARNING:pe_image_reader.cc(340)] could not read dos header from C:\WINDOWS\System32\WINTRUST.dll
[0707/000403.514:ERROR:process_memory_win.cc(73)] ReadMemory at 0x7ffefbd60000 of 64 bytes failed: Only part of a ReadProcessMemory or WriteProcessMemory request was completed. (0x12B)
[0707/000403.514:WARNING:pe_image_reader.cc(340)] could not read dos header from C:\WINDOWS\System32\MSASN1.dll
[0707/000403.514:ERROR:process_memory_win.cc(73)] ReadMemory at 0x7ffefcd90000 of 64 bytes failed: Only part of a ReadProcessMemory or WriteProcessMemory request was completed. (0x12B)
[0707/000403.514:WARNING:pe_image_reader.cc(340)] could not read dos header from C:\WINDOWS\System32\CRYPT32.dll
[0707/000403.514:ERROR:process_memory_win.cc(73)] ReadMemory at 0x7ffefb270000 of 64 bytes failed: Only part of a ReadProcessMemory or WriteProcessMemory request was completed. (0x12B)
[0707/000403.514:WARNING:pe_image_reader.cc(340)] could not read dos header from C:\WINDOWS\SYSTEM32\IPHLPAPI.DLL
[0707/000403.514:ERROR:process_memory_win.cc(73)] ReadMemory at 0x7ffefa140000 of 64 bytes failed: Only part of a ReadProcessMemory or WriteProcessMemory request was completed. (0x12B)
[0707/000403.514:WARNING:pe_image_reader.cc(340)] could not read dos header from C:\WINDOWS\SYSTEM32\WINMM.dll
[0707/000403.514:ERROR:process_memory_win.cc(73)] ReadMemory at 0x7ffee9530000 of 64 bytes failed: Only part of a ReadProcessMemory or WriteProcessMemory request was completed. (0x12B)
[0707/000403.515:WARNING:pe_image_reader.cc(340)] could not read dos header from C:\WINDOWS\SYSTEM32\Secur32.dll
[0707/000403.515:ERROR:process_memory_win.cc(73)] ReadMemory at 0x7ffefbc40000 of 64 bytes failed: Only part of a ReadProcessMemory or WriteProcessMemory request was completed. (0x12B)
[0707/000403.515:WARNING:pe_image_reader.cc(340)] could not read dos header from C:\WINDOWS\SYSTEM32\USERENV.dll
[0707/000403.515:ERROR:process_memory_win.cc(73)] ReadMemory at 0x7ffefbde0000 of 64 bytes failed: Only part of a ReadProcessMemory or WriteProcessMemory request was completed. (0x12B)
[0707/000403.515:WARNING:pe_image_reader.cc(340)] could not read dos header from C:\WINDOWS\System32\profapi.dll
[0707/000403.515:ERROR:process_memory_win.cc(73)] ReadMemory at 0x7ffed9d80000 of 64 bytes failed: Only part of a ReadProcessMemory or WriteProcessMemory request was completed. (0x12B)
[0707/000403.515:WARNING:pe_image_reader.cc(340)] could not read dos header from C:\WINDOWS\SYSTEM32\UIAutomationCore.DLL
[0707/000403.515:ERROR:process_memory_win.cc(73)] ReadMemory at 0x7ffedf600000 of 64 bytes failed: Only part of a ReadProcessMemory or WriteProcessMemory request was completed. (0x12B)
[0707/000403.515:WARNING:pe_image_reader.cc(340)] could not read dos header from C:\WINDOWS\SYSTEM32\DWrite.dll
[0707/000403.515:ERROR:process_memory_win.cc(73)] ReadMemory at 0x7ffeef3e0000 of 64 bytes failed: Only part of a ReadProcessMemory or WriteProcessMemory request was completed. (0x12B)
[0707/000403.515:WARNING:pe_image_reader.cc(340)] could not read dos header from C:\WINDOWS\SYSTEM32\WINSPOOL.DRV
[0707/000403.515:ERROR:process_memory_win.cc(73)] ReadMemory at 0x7ffefbd40000 of 64 bytes failed: Only part of a ReadProcessMemory or WriteProcessMemory request was completed. (0x12B)
[0707/000403.515:WARNING:pe_image_reader.cc(340)] could not read dos header from C:\WINDOWS\System32\kernel.appcore.dll
[0707/000403.515:ERROR:process_memory_win.cc(73)] ReadMemory at 0x7ffefccb0000 of 64 bytes failed: Only part of a ReadProcessMemory or WriteProcessMemory request was completed. (0x12B)
[0707/000403.515:WARNING:pe_image_reader.cc(340)] could not read dos header from C:\WINDOWS\System32\bcrypt.dll
[0707/000403.515:ERROR:process_memory_win.cc(73)] ReadMemory at 0x7ffeec790000 of 64 bytes failed: Only part of a ReadProcessMemory or WriteProcessMemory request was completed. (0x12B)
[0707/000403.515:WARNING:pe_image_reader.cc(340)] could not read dos header from C:\WINDOWS\SYSTEM32\dbghelp.dll
[0707/000403.515:ERROR:process_memory_win.cc(73)] ReadMemory at 0x7ffeefc90000 of 64 bytes failed: Only part of a ReadProcessMemory or WriteProcessMemory request was completed. (0x12B)
[0707/000403.515:WARNING:pe_image_reader.cc(340)] could not read dos header from C:\WINDOWS\SYSTEM32\WINHTTP.dll
[0707/000403.515:ERROR:process_memory_win.cc(73)] ReadMemory at 0x7ffef7240000 of 64 bytes failed: Only part of a ReadProcessMemory or WriteProcessMemory request was completed. (0x12B)
[0707/000403.516:WARNING:pe_image_reader.cc(340)] could not read dos header from C:\WINDOWS\SYSTEM32\dhcpcsvc.DLL
[0707/000403.516:ERROR:process_memory_win.cc(73)] ReadMemory at 0x7ffeff4a0000 of 64 bytes failed: Only part of a ReadProcessMemory or WriteProcessMemory request was completed. (0x12B)
[0707/000403.516:WARNING:pe_image_reader.cc(340)] could not read dos header from C:\WINDOWS\System32\NSI.dll
[0707/000403.516:ERROR:process_memory_win.cc(73)] ReadMemory at 0x7ffefa110000 of 64 bytes failed: Only part of a ReadProcessMemory or WriteProcessMemory request was completed. (0x12B)
[0707/000403.516:WARNING:pe_image_reader.cc(340)] could not read dos header from C:\WINDOWS\SYSTEM32\WINMMBASE.dll
[0707/000403.516:ERROR:process_memory_win.cc(73)] ReadMemory at 0x7ffefcbc0000 of 64 bytes failed: Only part of a ReadProcessMemory or WriteProcessMemory request was completed. (0x12B)
[0707/000403.516:WARNING:pe_image_reader.cc(340)] could not read dos header from C:\WINDOWS\System32\cfgmgr32.dll
[0707/000403.516:ERROR:process_memory_win.cc(73)] ReadMemory at 0x7ffef5d60000 of 64 bytes failed: Only part of a ReadProcessMemory or WriteProcessMemory request was completed. (0x12B)
[0707/000403.516:WARNING:pe_image_reader.cc(340)] could not read dos header from C:\WINDOWS\SYSTEM32\Bcp47Langs.dll
[0707/000403.516:ERROR:process_memory_win.cc(73)] ReadMemory at 0x7ffef8760000 of 64 bytes failed: Only part of a ReadProcessMemory or WriteProcessMemory request was completed. (0x12B)
[0707/000403.516:WARNING:pe_image_reader.cc(340)] could not read dos header from C:\WINDOWS\SYSTEM32\PROPSYS.dll
[0707/000403.516:ERROR:process_memory_win.cc(73)] ReadMemory at 0x7ffeff830000 of 64 bytes failed: Only part of a ReadProcessMemory or WriteProcessMemory request was completed. (0x12B)
[0707/000403.516:WARNING:pe_image_reader.cc(340)] could not read dos header from C:\WINDOWS\System32\shcore.dll
[0707/000403.516:ERROR:process_memory_win.cc(73)] ReadMemory at 0x7ffefbc70000 of 64 bytes failed: Only part of a ReadProcessMemory or WriteProcessMemory request was completed. (0x12B)
[0707/000403.516:WARNING:pe_image_reader.cc(340)] could not read dos header from C:\WINDOWS\SYSTEM32\SSPICLI.DLL
[0707/000403.516:ERROR:process_memory_win.cc(73)] ReadMemory at 0x7ffefb720000 of 64 bytes failed: Only part of a ReadProcessMemory or WriteProcessMemory request was completed. (0x12B)
[0707/000403.516:WARNING:pe_image_reader.cc(340)] could not read dos header from C:\WINDOWS\SYSTEM32\CRYPTBASE.DLL
[0707/000403.883:ERROR:process_memory_win.cc(73)] ReadMemory at 0xb83e1ed000 of 77824 bytes failed: Only part of a ReadProcessMemory or WriteProcessMemory request was completed. (0x12B)
[0707/000403.883:ERROR:process_memory_win.cc(73)] ReadMemory at 0xb83e9fd000 of 12288 bytes failed: Only part of a ReadProcessMemory or WriteProcessMemory request was completed. (0x12B)
[0707/000403.884:ERROR:process_memory_win.cc(73)] ReadMemory at 0xb83f1f6000 of 40960 bytes failed: Only part of a ReadProcessMemory or WriteProcessMemory request was completed. (0x12B)
[0707/000403.884:ERROR:process_memory_win.cc(73)] ReadMemory at 0xb83f9fc000 of 16384 bytes failed: Only part of a ReadProcessMemory or WriteProcessMemory request was completed. (0x12B)
[0707/000403.884:ERROR:process_memory_win.cc(73)] ReadMemory at 0xb8401fc000 of 16384 bytes failed: Only part of a ReadProcessMemory or WriteProcessMemory request was completed. (0x12B)
[0707/000403.885:ERROR:process_memory_win.cc(73)] ReadMemory at 0xb8409fe000 of 8192 bytes failed: Only part of a ReadProcessMemory or WriteProcessMemory request was completed. (0x12B)
[0707/000403.885:ERROR:process_memory_win.cc(73)] ReadMemory at 0xb8411fd000 of 12288 bytes failed: Only part of a ReadProcessMemory or WriteProcessMemory request was completed. (0x12B)
[0707/000403.885:ERROR:process_memory_win.cc(73)] ReadMemory at 0xb8419fb000 of 20480 bytes failed: Only part of a ReadProcessMemory or WriteProcessMemory request was completed. (0x12B)
[0707/000403.885:ERROR:process_memory_win.cc(73)] ReadMemory at 0xb8421fd000 of 12288 bytes failed: Only part of a ReadProcessMemory or WriteProcessMemory request was completed. (0x12B)
[0707/000403.885:ERROR:process_memory_win.cc(73)] ReadMemory at 0xb8429f6000 of 40960 bytes failed: Only part of a ReadProcessMemory or WriteProcessMemory request was completed. (0x12B)
[0707/000403.885:ERROR:process_memory_win.cc(73)] ReadMemory at 0xb8431f6000 of 40960 bytes failed: Only part of a ReadProcessMemory or WriteProcessMemory request was completed. (0x12B)
[0707/000403.886:ERROR:process_memory_win.cc(73)] ReadMemory at 0xb8439fd000 of 12288 bytes failed: Only part of a ReadProcessMemory or WriteProcessMemory request was completed. (0x12B)
[0707/000403.886:ERROR:process_memory_win.cc(73)] ReadMemory at 0xb8449fb000 of 20480 bytes failed: Only part of a ReadProcessMemory or WriteProcessMemory request was completed. (0x12B)
[0707/000403.886:ERROR:process_memory_win.cc(73)] ReadMemory at 0xb8451fc000 of 16384 bytes failed: Only part of a ReadProcessMemory or WriteProcessMemory request was completed. (0x12B)
[0707/000403.886:ERROR:process_memory_win.cc(73)] ReadMemory at 0xb8441fd000 of 12288 bytes failed: Only part of a ReadProcessMemory or WriteProcessMemory request was completed. (0x12B)
[0707/000403.887:ERROR:process_memory_win.cc(73)] ReadMemory at 0xb8459fe000 of 8192 bytes failed: Only part of a ReadProcessMemory or WriteProcessMemory request was completed. (0x12B)
[0707/000403.887:ERROR:process_memory_win.cc(73)] ReadMemory at 0xb83d8b5000 of 852 bytes failed: Only part of a ReadProcessMemory or WriteProcessMemory request was completed. (0x12B)
[0707/000403.887:ERROR:process_memory_win.cc(73)] ReadMemory at 0xb83d8b6000 of 6024 bytes failed: Only part of a ReadProcessMemory or WriteProcessMemory request was completed. (0x12B)
[0707/000403.887:ERROR:process_memory_win.cc(73)] ReadMemory at 0xb83d8b8000 of 6024 bytes failed: Only part of a ReadProcessMemory or WriteProcessMemory request was completed. (0x12B)
[0707/000403.887:ERROR:process_memory_win.cc(73)] ReadMemory at 0xb83d8ba000 of 6024 bytes failed: Only part of a ReadProcessMemory or WriteProcessMemory request was completed. (0x12B)
[0707/000403.887:ERROR:process_memory_win.cc(73)] ReadMemory at 0xb83d8bc000 of 6024 bytes failed: Only part of a ReadProcessMemory or WriteProcessMemory request was completed. (0x12B)
[0707/000403.887:ERROR:process_memory_win.cc(73)] ReadMemory at 0xb83d8be000 of 6024 bytes failed: Only part of a ReadProcessMemory or WriteProcessMemory request was completed. (0x12B)
[0707/000403.887:ERROR:process_memory_win.cc(73)] ReadMemory at 0xb83d8c0000 of 6024 bytes failed: Only part of a ReadProcessMemory or WriteProcessMemory request was completed. (0x12B)
[0707/000403.888:ERROR:process_memory_win.cc(73)] ReadMemory at 0xb83d8c2000 of 6024 bytes failed: Only part of a ReadProcessMemory or WriteProcessMemory request was completed. (0x12B)
[0707/000403.888:ERROR:process_memory_win.cc(73)] ReadMemory at 0xb83d8c4000 of 6024 bytes failed: Only part of a ReadProcessMemory or WriteProcessMemory request was completed. (0x12B)
[0707/000403.888:ERROR:process_memory_win.cc(73)] ReadMemory at 0xb83d8c6000 of 6024 bytes failed: Only part of a ReadProcessMemory or WriteProcessMemory request was completed. (0x12B)
[0707/000403.888:ERROR:process_memory_win.cc(73)] ReadMemory at 0xb83d8c8000 of 6024 bytes failed: Only part of a ReadProcessMemory or WriteProcessMemory request was completed. (0x12B)
[0707/000403.888:ERROR:process_memory_win.cc(73)] ReadMemory at 0xb83d8ca000 of 6024 bytes failed: Only part of a ReadProcessMemory or WriteProcessMemory request was completed. (0x12B)
[0707/000403.888:ERROR:process_memory_win.cc(73)] ReadMemory at 0xb83d8cc000 of 6024 bytes failed: Only part of a ReadProcessMemory or WriteProcessMemory request was completed. (0x12B)
[0707/000403.888:ERROR:process_memory_win.cc(73)] ReadMemory at 0xb83d8d0000 of 6024 bytes failed: Only part of a ReadProcessMemory or WriteProcessMemory request was completed. (0x12B)
[0707/000403.889:ERROR:process_memory_win.cc(73)] ReadMemory at 0xb83d8d2000 of 6024 bytes failed: Only part of a ReadProcessMemory or WriteProcessMemory request was completed. (0x12B)
[0707/000403.889:ERROR:process_memory_win.cc(73)] ReadMemory at 0xb83d8d4000 of 6024 bytes failed: Only part of a ReadProcessMemory or WriteProcessMemory request was completed. (0x12B)
[0707/000403.889:ERROR:process_memory_win.cc(73)] ReadMemory at 0xb83d8d6000 of 6024 bytes failed: Only part of a ReadProcessMemory or WriteProcessMemory request was completed. (0x12B)
[0707/000403.889:ERROR:process_memory_win.cc(73)] ReadMemory at 0x1df8ee61ed0 of 512 bytes failed: Only part of a ReadProcessMemory or WriteProcessMemory request was completed. (0x12B)
[0707/000403.937:ERROR:process_memory_win.cc(73)] ReadMemory at 0x1df8ee6a7b0 of 512 bytes failed: Only part of a ReadProcessMemory or WriteProcessMemory request was completed. (0x12B)
[0707/000403.938:ERROR:process_memory_win.cc(73)] ReadMemory at 0x1dfebeb0fe0 of 20584 bytes failed: Only part of a ReadProcessMemory or WriteProcessMemory request was completed. (0x12B)
[0707/000403.938:ERROR:process_memory_win.cc(73)] ReadMemory at 0x1dfebeb6050 of 1012 bytes failed: Only part of a ReadProcessMemory or WriteProcessMemory request was completed. (0x12B)
[0707/000404.024:ERROR:process_memory_win.cc(73)] ReadMemory at 0x1dfebeb6678 of 118 bytes failed: Only part of a ReadProcessMemory or WriteProcessMemory request was completed. (0x12B)
[0707/000404.024:ERROR:process_memory_win.cc(73)] ReadMemory at 0x1dfebeb66f0 of 756 bytes failed: Only part of a ReadProcessMemory or WriteProcessMemory request was completed. (0x12B)
[0707/000404.024:ERROR:process_memory_win.cc(73)] ReadMemory at 0x1dfebeb69e6 of 118 bytes failed: Only part of a ReadProcessMemory or WriteProcessMemory request was completed. (0x12B)
[0707/000404.024:ERROR:process_memory_win.cc(73)] ReadMemory at 0x1dfebeb6a5e of 102 bytes failed: Only part of a ReadProcessMemory or WriteProcessMemory request was completed. (0x12B)
[0707/000404.024:ERROR:process_memory_win.cc(73)] ReadMemory at 0x1dfebeb6ad0 of 58 bytes failed: Only part of a ReadProcessMemory or WriteProcessMemory request was completed. (0x12B)
[0707/000404.024:ERROR:process_memory_win.cc(73)] ReadMemory at 0x1dfebeb6bd0 of 132 bytes failed: Only part of a ReadProcessMemory or WriteProcessMemory request was completed. (0x12B)
[0707/000404.025:ERROR:process_memory_win.cc(73)] ReadMemory at 0x1dfebeb6d60 of 132 bytes failed: Only part of a ReadProcessMemory or WriteProcessMemory request was completed. (0x12B)
[0707/000404.025:ERROR:process_memory_win.cc(73)] ReadMemory at 0x1dfebeb6f20 of 126 bytes failed: Only part of a ReadProcessMemory or WriteProcessMemory request was completed. (0x12B)
[0707/000404.025:ERROR:process_memory_win.cc(73)] ReadMemory at 0x1dfebeb7300 of 132 bytes failed: Only part of a ReadProcessMemory or WriteProcessMemory request was completed. (0x12B)
[0707/000404.025:ERROR:process_memory_win.cc(73)] ReadMemory at 0x1dfebeb7490 of 64 bytes failed: Only part of a ReadProcessMemory or WriteProcessMemory request was completed. (0x12B)
[0707/000404.025:ERROR:process_memory_win.cc(73)] ReadMemory at 0x1dfebeb74e0 of 132 bytes failed: Only part of a ReadProcessMemory or WriteProcessMemory request was completed. (0x12B)
[0707/000404.025:ERROR:process_memory_win.cc(73)] ReadMemory at 0x1dfebeb7650 of 132 bytes failed: Only part of a ReadProcessMemory or WriteProcessMemory request was completed. (0x12B)
[0707/000404.025:ERROR:process_memory_win.cc(73)] ReadMemory at 0x1dfebeb78f0 of 132 bytes failed: Only part of a ReadProcessMemory or WriteProcessMemory request was completed. (0x12B)
[0707/000404.025:ERROR:process_memory_win.cc(73)] ReadMemory at 0x1dfebeb7a80 of 68 bytes failed: Only part of a ReadProcessMemory or WriteProcessMemory request was completed. (0x12B)
[0707/000404.025:ERROR:process_memory_win.cc(73)] ReadMemory at 0x1dfebeb8960 of 146 bytes failed: Only part of a ReadProcessMemory or WriteProcessMemory request was completed. (0x12B)
[0707/000404.025:ERROR:process_memory_win.cc(73)] ReadMemory at 0x1dfebeb8a40 of 132 bytes failed: Only part of a ReadProcessMemory or WriteProcessMemory request was completed. (0x12B)
[0707/000404.026:ERROR:process_memory_win.cc(73)] ReadMemory at 0x1dfebeb8bd0 of 154 bytes failed: Only part of a ReadProcessMemory or WriteProcessMemory request was completed. (0x12B)
[0707/000404.026:ERROR:process_memory_win.cc(73)] ReadMemory at 0x1dfebeb97a0 of 132 bytes failed: Only part of a ReadProcessMemory or WriteProcessMemory request was completed. (0x12B)
[0707/000404.026:ERROR:process_memory_win.cc(73)] ReadMemory at 0x1dfebeb9970 of 60 bytes failed: Only part of a ReadProcessMemory or WriteProcessMemory request was completed. (0x12B)
[0707/000404.026:ERROR:process_memory_win.cc(73)] ReadMemory at 0x1dfebebad30 of 62 bytes failed: Only part of a ReadProcessMemory or WriteProcessMemory request was completed. (0x12B)
[0707/000404.026:ERROR:process_memory_win.cc(73)] ReadMemory at 0x1dfebebae60 of 132 bytes failed: Only part of a ReadProcessMemory or WriteProcessMemory request was completed. (0x12B)
[0707/000404.026:ERROR:process_memory_win.cc(73)] ReadMemory at 0x1dfebebeb60 of 132 bytes failed: Only part of a ReadProcessMemory or WriteProcessMemory request was completed. (0x12B)
[0707/000404.026:ERROR:process_memory_win.cc(73)] ReadMemory at 0x1dfebebf720 of 132 bytes failed: Only part of a ReadProcessMemory or WriteProcessMemory request was completed. (0x12B)
[0707/000404.026:ERROR:process_memory_win.cc(73)] ReadMemory at 0x1dfebebf850 of 132 bytes failed: Only part of a ReadProcessMemory or WriteProcessMemory request was completed. (0x12B)
[0707/000404.026:ERROR:process_memory_win.cc(73)] ReadMemory at 0x1dfebebfa00 of 132 bytes failed: Only part of a ReadProcessMemory or WriteProcessMemory request was completed. (0x12B)
[0707/000404.026:ERROR:process_memory_win.cc(73)] ReadMemory at 0x1dfebebfb90 of 80 bytes failed: Only part of a ReadProcessMemory or WriteProcessMemory request was completed. (0x12B)
[0707/000404.026:ERROR:process_memory_win.cc(73)] ReadMemory at 0x1dfebebfd00 of 64 bytes failed: Only part of a ReadProcessMemory or WriteProcessMemory request was completed. (0x12B)
[0707/000404.027:ERROR:process_memory_win.cc(73)] ReadMemory at 0x1dfebebfda0 of 64 bytes failed: Only part of a ReadProcessMemory or WriteProcessMemory request was completed. (0x12B)
[0707/000404.027:ERROR:process_memory_win.cc(73)] ReadMemory at 0x1dfebebff80 of 62 bytes failed: Only part of a ReadProcessMemory or WriteProcessMemory request was completed. (0x12B)
[0707/000404.027:ERROR:process_memory_win.cc(73)] ReadMemory at 0x1dfebec00c0 of 60 bytes failed: Only part of a ReadProcessMemory or WriteProcessMemory request was completed. (0x12B)
[0707/000404.061:ERROR:process_memory_win.cc(73)] ReadMemory at 0x1dfebec0110 of 66 bytes failed: Only part of a ReadProcessMemory or WriteProcessMemory request was completed. (0x12B)
[0707/000404.061:ERROR:process_memory_win.cc(73)] ReadMemory at 0x1dfebec0160 of 64 bytes failed: Only part of a ReadProcessMemory or WriteProcessMemory request was completed. (0x12B)
[0707/000404.062:ERROR:process_memory_win.cc(73)] ReadMemory at 0x1dfebec01b0 of 62 bytes failed: Only part of a ReadProcessMemory or WriteProcessMemory request was completed. (0x12B)
[0707/000404.062:ERROR:process_memory_win.cc(73)] ReadMemory at 0x1dfebec0200 of 64 bytes failed: Only part of a ReadProcessMemory or WriteProcessMemory request was completed. (0x12B)
[0707/000404.062:ERROR:process_memory_win.cc(73)] ReadMemory at 0x1dfebec0250 of 60 bytes failed: Only part of a ReadProcessMemory or WriteProcessMemory request was completed. (0x12B)
[0707/000404.062:ERROR:process_memory_win.cc(73)] ReadMemory at 0x1dfebec0650 of 58 bytes failed: Only part of a ReadProcessMemory or WriteProcessMemory request was completed. (0x12B)
[0707/000404.063:ERROR:process_memory_win.cc(73)] ReadMemory at 0x1dfebec0740 of 62 bytes failed: Only part of a ReadProcessMemory or WriteProcessMemory request was completed. (0x12B)
[0707/000404.063:ERROR:process_memory_win.cc(73)] ReadMemory at 0x1dfebec08d0 of 60 bytes failed: Only part of a ReadProcessMemory or WriteProcessMemory request was completed. (0x12B)
[0707/000404.063:ERROR:process_memory_win.cc(73)] ReadMemory at 0x1dfebec0970 of 64 bytes failed: Only part of a ReadProcessMemory or WriteProcessMemory request was completed. (0x12B)
[0707/000404.063:ERROR:process_memory_win.cc(73)] ReadMemory at 0x1dfebec09c0 of 62 bytes failed: Only part of a ReadProcessMemory or WriteProcessMemory request was completed. (0x12B)
[0707/000404.063:ERROR:process_memory_win.cc(73)] ReadMemory at 0x1dfebec0a60 of 66 bytes failed: Only part of a ReadProcessMemory or WriteProcessMemory request was completed. (0x12B)
[0707/000404.063:ERROR:process_memory_win.cc(73)] ReadMemory at 0x1dfebec0ab0 of 68 bytes failed: Only part of a ReadProcessMemory or WriteProcessMemory request was completed. (0x12B)
[0707/000404.063:ERROR:process_memory_win.cc(73)] ReadMemory at 0x1dfebec0b00 of 60 bytes failed: Only part of a ReadProcessMemory or WriteProcessMemory request was completed. (0x12B)
[0707/000404.063:ERROR:process_memory_win.cc(73)] ReadMemory at 0x1dfebec0ce0 of 60 bytes failed: Only part of a ReadProcessMemory or WriteProcessMemory request was completed. (0x12B)
[0707/000404.097:ERROR:process_memory_win.cc(73)] ReadMemory at 0x1dfebec0d30 of 62 bytes failed: Only part of a ReadProcessMemory or WriteProcessMemory request was completed. (0x12B)
[0707/000404.097:ERROR:process_memory_win.cc(73)] ReadMemory at 0x1dfebec0e20 of 62 bytes failed: Only part of a ReadProcessMemory or WriteProcessMemory request was completed. (0x12B)
[0707/000404.097:ERROR:process_memory_win.cc(73)] ReadMemory at 0x1dfebec0e70 of 64 bytes failed: Only part of a ReadProcessMemory or WriteProcessMemory request was completed. (0x12B)
[0707/000404.097:ERROR:process_memory_win.cc(73)] ReadMemory at 0x1dfebec0ec0 of 64 bytes failed: Only part of a ReadProcessMemory or WriteProcessMemory request was completed. (0x12B)
[0707/000404.097:ERROR:process_memory_win.cc(73)] ReadMemory at 0x1dfebec0fb0 of 62 bytes failed: Only part of a ReadProcessMemory or WriteProcessMemory request was completed. (0x12B)
[0707/000404.097:ERROR:process_memory_win.cc(73)] ReadMemory at 0x1dfebec1000 of 60 bytes failed: Only part of a ReadProcessMemory or WriteProcessMemory request was completed. (0x12B)
[0707/000404.097:ERROR:process_memory_win.cc(73)] ReadMemory at 0x1dfebec1050 of 62 bytes failed: Only part of a ReadProcessMemory or WriteProcessMemory request was completed. (0x12B)
[0707/000404.098:ERROR:process_memory_win.cc(73)] ReadMemory at 0x1dfebec10f0 of 62 bytes failed: Only part of a ReadProcessMemory or WriteProcessMemory request was completed. (0x12B)
[0707/000404.098:ERROR:process_memory_win.cc(73)] ReadMemory at 0x1dfebec1140 of 64 bytes failed: Only part of a ReadProcessMemory or WriteProcessMemory request was completed. (0x12B)
[0707/000404.098:ERROR:process_memory_win.cc(73)] ReadMemory at 0x1dfebec1320 of 62 bytes failed: Only part of a ReadProcessMemory or WriteProcessMemory request was completed. (0x12B)
[0707/000404.098:ERROR:process_memory_win.cc(73)] ReadMemory at 0x1dfebec2f80 of 132 bytes failed: Only part of a ReadProcessMemory or WriteProcessMemory request was completed. (0x12B)
[0707/000404.098:ERROR:process_memory_win.cc(73)] ReadMemory at 0x1dfebec3030 of 512 bytes failed: Only part of a ReadProcessMemory or WriteProcessMemory request was completed. (0x12B)
[0707/000404.098:ERROR:process_memory_win.cc(73)] ReadMemory at 0x1dfebec52b0 of 54 bytes failed: Only part of a ReadProcessMemory or WriteProcessMemory request was completed. (0x12B)
[0707/000404.098:ERROR:process_memory_win.cc(73)] ReadMemory at 0x1dfebec6170 of 132 bytes failed: Only part of a ReadProcessMemory or WriteProcessMemory request was completed. (0x12B)
[0707/000404.098:ERROR:process_memory_win.cc(73)] ReadMemory at 0x1dfebec62a0 of 132 bytes failed: Only part of a ReadProcessMemory or WriteProcessMemory request was completed. (0x12B)
[0707/000404.098:ERROR:process_memory_win.cc(73)] ReadMemory at 0x1dfebec63d0 of 132 bytes failed: Only part of a ReadProcessMemory or WriteProcessMemory request was completed. (0x12B)
[0707/000404.099:ERROR:process_memory_win.cc(73)] ReadMemory at 0x1dfebec6500 of 132 bytes failed: Only part of a ReadProcessMemory or WriteProcessMemory request was completed. (0x12B)
[0707/000404.164:ERROR:process_memory_win.cc(73)] ReadMemory at 0x1dfebec6630 of 132 bytes failed: Only part of a ReadProcessMemory or WriteProcessMemory request was completed. (0x12B)
[0707/000404.164:ERROR:process_memory_win.cc(73)] ReadMemory at 0x1dfebec6760 of 132 bytes failed: Only part of a ReadProcessMemory or WriteProcessMemory request was completed. (0x12B)
[0707/000404.165:ERROR:process_memory_win.cc(73)] ReadMemory at 0x1dfebec6890 of 132 bytes failed: Only part of a ReadProcessMemory or WriteProcessMemory request was completed. (0x12B)
[0707/000404.165:ERROR:process_memory_win.cc(73)] ReadMemory at 0x1dfebec69c0 of 132 bytes failed: Only part of a ReadProcessMemory or WriteProcessMemory request was completed. (0x12B)
[0707/000404.165:ERROR:process_memory_win.cc(73)] ReadMemory at 0x1dfebec6af0 of 132 bytes failed: Only part of a ReadProcessMemory or WriteProcessMemory request was completed. (0x12B)
[0707/000404.165:ERROR:process_memory_win.cc(73)] ReadMemory at 0x1dfebec6c20 of 132 bytes failed: Only part of a ReadProcessMemory or WriteProcessMemory request was completed. (0x12B)
[0707/000404.165:ERROR:process_memory_win.cc(73)] ReadMemory at 0x1dfebec6d50 of 132 bytes failed: Only part of a ReadProcessMemory or WriteProcessMemory request was completed. (0x12B)
[0707/000404.165:ERROR:process_memory_win.cc(73)] ReadMemory at 0x1dfebec6e80 of 132 bytes failed: Only part of a ReadProcessMemory or WriteProcessMemory request was completed. (0x12B)
[0707/000404.165:ERROR:process_memory_win.cc(73)] ReadMemory at 0x1dfebec7960 of 132 bytes failed: Only part of a ReadProcessMemory or WriteProcessMemory request was completed. (0x12B)
[0707/000404.165:ERROR:process_memory_win.cc(73)] ReadMemory at 0x1dfebec9af0 of 76 bytes failed: Only part of a ReadProcessMemory or WriteProcessMemory request was completed. (0x12B)
[0707/000404.195:ERROR:process_memory_win.cc(73)] ReadMemory at 0x1dfebeca150 of 80 bytes failed: Only part of a ReadProcessMemory or WriteProcessMemory request was completed. (0x12B)
[0707/000404.241:ERROR:process_memory_win.cc(73)] ReadMemory at 0x1dfebeccad0 of 132 bytes failed: Only part of a ReadProcessMemory or WriteProcessMemory request was completed. (0x12B)
[0707/000404.241:ERROR:process_memory_win.cc(73)] ReadMemory at 0x1dfebecce30 of 132 bytes failed: Only part of a ReadProcessMemory or WriteProcessMemory request was completed. (0x12B)
[0707/000404.289:ERROR:process_memory_win.cc(73)] ReadMemory at 0x1dfebecd340 of 132 bytes failed: Only part of a ReadProcessMemory or WriteProcessMemory request was completed. (0x12B)
[0707/000404.289:ERROR:process_memory_win.cc(73)] ReadMemory at 0x1dfebecd470 of 132 bytes failed: Only part of a ReadProcessMemory or WriteProcessMemory request was completed. (0x12B)
[0707/000404.289:ERROR:process_memory_win.cc(73)] ReadMemory at 0x1dfebecd930 of 132 bytes failed: Only part of a ReadProcessMemory or WriteProcessMemory request was completed. (0x12B)
[0707/000404.290:ERROR:process_memory_win.cc(73)] ReadMemory at 0x1dfebecda60 of 132 bytes failed: Only part of a ReadProcessMemory or WriteProcessMemory request was completed. (0x12B)
[0707/000404.290:ERROR:process_memory_win.cc(73)] ReadMemory at 0x1dfebecdb90 of 132 bytes failed: Only part of a ReadProcessMemory or WriteProcessMemory request was completed. (0x12B)
[0707/000404.290:ERROR:process_memory_win.cc(73)] ReadMemory at 0x1dfebecdcc0 of 132 bytes failed: Only part of a ReadProcessMemory or WriteProcessMemory request was completed. (0x12B)
[0707/000404.290:ERROR:process_memory_win.cc(73)] ReadMemory at 0x1dfebecddf0 of 132 bytes failed: Only part of a ReadProcessMemory or WriteProcessMemory request was completed. (0x12B)
[0707/000404.290:ERROR:process_memory_win.cc(73)] ReadMemory at 0x1dfebece510 of 132 bytes failed: Only part of a ReadProcessMemory or WriteProcessMemory request was completed. (0x12B)
[0707/000404.290:ERROR:process_memory_win.cc(73)] ReadMemory at 0x1dfebece8a0 of 132 bytes failed: Only part of a ReadProcessMemory or WriteProcessMemory request was completed. (0x12B)
[0707/000404.290:ERROR:process_memory_win.cc(73)] ReadMemory at 0x1dfebeceb00 of 132 bytes failed: Only part of a ReadProcessMemory or WriteProcessMemory request was completed. (0x12B)
[0707/000404.290:ERROR:process_memory_win.cc(73)] ReadMemory at 0x1dfebecec30 of 132 bytes failed: Only part of a ReadProcessMemory or WriteProcessMemory request was completed. (0x12B)
[0707/000404.290:ERROR:process_memory_win.cc(73)] ReadMemory at 0x1dfebee5810 of 512 bytes failed: Only part of a ReadProcessMemory or WriteProcessMemory request was completed. (0x12B)
[0707/000404.290:ERROR:process_memory_win.cc(73)] ReadMemory at 0x1dfebfb0000 of 384 bytes failed: Only part of a ReadProcessMemory or WriteProcessMemory request was completed. (0x12B)
[0707/000404.290:ERROR:process_memory_win.cc(73)] ReadMemory at 0x1dfebfb023c of 512 bytes failed: Only part of a ReadProcessMemory or WriteProcessMemory request was completed. (0x12B)
[0707/000404.291:ERROR:process_memory_win.cc(73)] ReadMemory at 0x1dfebfb0c70 of 512 bytes failed: Only part of a ReadProcessMemory or WriteProcessMemory request was completed. (0x12B)
[0707/000404.291:ERROR:process_memory_win.cc(73)] ReadMemory at 0x1dfebfb4900 of 512 bytes failed: Only part of a ReadProcessMemory or WriteProcessMemory request was completed. (0x12B)
[0707/000404.291:ERROR:process_memory_win.cc(73)] ReadMemory at 0x1dfec480000 of 384 bytes failed: Only part of a ReadProcessMemory or WriteProcessMemory request was completed. (0x12B)
[0707/000404.291:ERROR:process_memory_win.cc(73)] ReadMemory at 0x1dfec4c44c0 of 512 bytes failed: Only part of a ReadProcessMemory or WriteProcessMemory request was completed. (0x12B)
[0707/000404.291:ERROR:process_memory_win.cc(73)] ReadMemory at 0x1dfec4deed0 of 512 bytes failed: Only part of a ReadProcessMemory or WriteProcessMemory request was completed. (0x12B)
[0707/000404.291:ERROR:process_memory_win.cc(73)] ReadMemory at 0x1dfec4e0e10 of 712 bytes failed: Only part of a ReadProcessMemory or WriteProcessMemory request was completed. (0x12B)
[0707/000404.291:ERROR:process_memory_win.cc(73)] ReadMemory at 0x1dfec4e87a0 of 512 bytes failed: Only part of a ReadProcessMemory or WriteProcessMemory request was completed. (0x12B)
[0707/000404.291:ERROR:process_memory_win.cc(73)] ReadMemory at 0x1dfec523d60 of 512 bytes failed: Only part of a ReadProcessMemory or WriteProcessMemory request was completed. (0x12B)
[0707/000404.291:ERROR:process_memory_win.cc(73)] ReadMemory at 0x1dfedb31410 of 512 bytes failed: Only part of a ReadProcessMemory or WriteProcessMemory request was completed. (0x12B)
[0707/000404.291:ERROR:process_memory_win.cc(73)] ReadMemory at 0x1dff241d910 of 512 bytes failed: Only part of a ReadProcessMemory or WriteProcessMemory request was completed. (0x12B)
[0707/000404.292:ERROR:process_memory_win.cc(73)] ReadMemory at 0x27ef08040000 of 384 bytes failed: Only part of a ReadProcessMemory or WriteProcessMemory request was completed. (0x12B)
[0707/000404.292:ERROR:process_memory_win.cc(73)] ReadMemory at 0x27ef087c99d1 of 512 bytes failed: Only part of a ReadProcessMemory or WriteProcessMemory request was completed. (0x12B)
[0707/000404.344:ERROR:process_memory_win.cc(73)] ReadMemory at 0x27ef087db074 of 512 bytes failed: Only part of a ReadProcessMemory or WriteProcessMemory request was completed. (0x12B)
[0707/000404.346:ERROR:process_memory_win.cc(73)] ReadMemory at 0x27ef0c70d6f4 of 512 bytes failed: Only part of a ReadProcessMemory or WriteProcessMemory request was completed. (0x12B)
[0707/000404.346:ERROR:process_memory_win.cc(73)] ReadMemory at 0x7ffecda679a5 of 512 bytes failed: Only part of a ReadProcessMemory or WriteProcessMemory request was completed. (0x12B)
[0707/000404.346:ERROR:process_memory_win.cc(73)] ReadMemory at 0x7ffecda68180 of 512 bytes failed: Only part of a ReadProcessMemory or WriteProcessMemory request was completed. (0x12B)
[0707/000404.346:ERROR:process_memory_win.cc(73)] ReadMemory at 0x7ffeffcfdc5d of 512 bytes failed: Only part of a ReadProcessMemory or WriteProcessMemory request was completed. (0x12B)
[0707/000404.402:ERROR:process_memory_win.cc(73)] ReadMemory at 0x7ffeffd8f764 of 672 bytes failed: Only part of a ReadProcessMemory or WriteProcessMemory request was completed. (0x12B)
[0707/000404.402:ERROR:process_memory_win.cc(73)] ReadMemory at 0x7ffeffd92ff4 of 608 bytes failed: Only part of a ReadProcessMemory or WriteProcessMemory request was completed. (0x12B)
[0707/000404.402:ERROR:process_memory_win.cc(73)] ReadMemory at 0x7ffeffe1c0c8 of 18 bytes failed: Only part of a ReadProcessMemory or WriteProcessMemory request was completed. (0x12B)
[0707/000404.402:ERROR:process_memory_win.cc(73)] ReadMemory at 0x7ffeffe4f4f8 of 40 bytes failed: Only part of a ReadProcessMemory or WriteProcessMemory request was completed. (0x12B)
[0707/000404.402:ERROR:process_memory_win.cc(73)] ReadMemory at 0x7ffeffe4f978 of 48 bytes failed: Only part of a ReadProcessMemory or WriteProcessMemory request was completed. (0x12B)
[0707/000404.461:ERROR:process_memory_win.cc(73)] ReadMemory at 0x7ffeffe553a0 of 64 bytes failed: Only part of a ReadProcessMemory or WriteProcessMemory request was completed. (0x12B)
[0707/000404.680:ERROR:scoped_process_suspend.cc(40)] NtResumeProcess: An attempt was made to access an exiting process. (0xc000010a)
